make all --print-data-base --no-builtin-variables --no-builtin-rules --question
# GNU Make 4.3
# Built for x86_64-pc-linux-gnu
# Copyright (C) 1988-2020 Free Software Foundation, Inc.
# License GPLv3+: GNU GPL version 3 or later <http://gnu.org/licenses/gpl.html>
# This is free software: you are free to change and redistribute it.
# There is NO WARRANTY, to the extent permitted by law.

# Make data base, printed on Sun May 14 12:46:40 2023

# Variables

# environment
GDK_BACKEND = x11
# environment
LC_ALL = C
# environment
NO_AT_BRIDGE = 1
# environment
GNOME_SHELL_SESSION_MODE = ubuntu
# environment
SSH_AGENT_LAUNCHER = gnome-keyring
# environment
GJS_DEBUG_OUTPUT = stderr
# environment
SNAP_LAUNCHER_ARCH_TRIPLET = x86_64-linux-gnu
# environment
VSCODE_CRASH_REPORTER_PROCESS_TYPE = extensionHost
# environment
VSCODE_CWD = /home/user
# default
MAKE_COMMAND := make
# environment
QT_ACCESSIBILITY = 1
# automatic
@D = $(patsubst %/,%,$(dir $@))
# environment
SNAP_INSTANCE_NAME = code
# environment
GDK_PIXBUF_MODULEDIR = /snap/code/129/usr/lib/x86_64-linux-gnu/gdk-pixbuf-2.0/2.10.0/loaders
# environment
VSCODE_HANDLES_UNCAUGHT_ERRORS = true
# default
.VARIABLES := 
# environment
PWD = /home/user/Documents/operationSys3
# automatic
%D = $(patsubst %/,%,$(dir $%))
# environment
LSCOLORS = Gxfxcxdxbxegedabagacad
# environment
XDG_DATA_DIRS = /home/user/snap/code/129/.local/share:/home/user/snap/code/129:/snap/code/129/usr/share:/usr/local/share/:/usr/share/:/var/lib/snapd/desktop
# environment
OLDPWD = /home/user
# automatic
^D = $(patsubst %/,%,$(dir $^))
# automatic
%F = $(notdir $%)
# environment
VSCODE_CODE_CACHE_PATH = /home/user/.config/Code/CachedData/b3e4e68a0bc097f0ae7907b217c1119af9e03435
# environment
LANG = C
# environment
XAUTHORITY = /run/user/1000/.mutter-Xwaylandauth.N0F241
# default
.LOADED := 
# default
.INCLUDE_DIRS = /usr/local/include /usr/include /usr/include
# makefile
MAKEFLAGS = pqrR
# environment
DBUS_STARTER_ADDRESS = unix:path=/run/user/1000/bus,guid=cbccb5413648ff3f870638ef64605e16
# makefile
CURDIR := /home/user/Documents/operationSys3
# environment
APPLICATION_INSIGHTS_NO_DIAGNOSTIC_CHANNEL = 1
# automatic
*D = $(patsubst %/,%,$(dir $*))
# environment
MFLAGS = -pqrR
# environment
SSH_AUTH_SOCK = /run/user/1000/keyring/ssh
# default
.SHELLFLAGS := -c
# environment
WAYLAND_DISPLAY = wayland-0
# automatic
+D = $(patsubst %/,%,$(dir $+))
# environment
XDG_SESSION_DESKTOP = ubuntu
# makefile (from 'Makefile', line 1)
MAKEFILE_LIST := Makefile
# automatic
@F = $(notdir $@)
# environment
ZSH = /home/user/.oh-my-zsh
# environment
VSCODE_PID = 4608
# environment
XDG_SESSION_TYPE = wayland
# automatic
?D = $(patsubst %/,%,$(dir $?))
# environment
BAMF_DESKTOP_FILE_HINT = /var/lib/snapd/desktop/applications/code_code.desktop
# environment
SESSION_MANAGER = local/orel-ubuntu:@/tmp/.ICE-unix/1650,unix/orel-ubuntu:/tmp/.ICE-unix/1650
# automatic
*F = $(notdir $*)
# environment
CHROME_DESKTOP = code-url-handler.desktop
# environment
DBUS_SESSION_BUS_ADDRESS = unix:path=/run/user/1000/bus,guid=cbccb5413648ff3f870638ef64605e16
# automatic
<D = $(patsubst %/,%,$(dir $<))
# environment
VSCODE_NLS_CONFIG = {"locale":"en-gb","osLocale":"en-il","availableLanguages":{},"_languagePackSupport":true}
# default
MAKE_HOST := x86_64-pc-linux-gnu
# environment
GTK_PATH = /snap/code/129/usr/lib/x86_64-linux-gnu/gtk-3.0
# environment
GNOME_DESKTOP_SESSION_ID = this-is-deprecated
# makefile
SHELL = /bin/sh
# default
MAKECMDGOALS := all
# environment
XMODIFIERS = @im=ibus
# environment
GJS_DEBUG_TOPICS = JS ERROR;JS LOG
# environment
SHLVL = 0
# environment
MAKELEVEL := 0
# default
MAKE = $(MAKE_COMMAND)
# environment
SNAP_COOKIE = W5xynm6t-Int3RaXf6LwOA4WOK8ydcwWBEc83CopKSsbiR4wobQw
# environment
PATH = /usr/local/sbin:/usr/local/bin:/usr/sbin:/usr/bin:/sbin:/bin:/usr/games:/usr/local/games:/snap/bin:/snap/bin
# default
MAKEFILES := 
# environment
LANGUAGE = en_IL:en
# automatic
^F = $(notdir $^)
# environment
SNAP_USER_COMMON = /home/user/snap/code/common
# environment
SNAP = /snap/code/129
# environment
INVOCATION_ID = 456e8badebff4b2fb3f82a3d19dc28eb
# environment
SNAP_REVISION = 129
# environment
SNAP_REAL_HOME = /home/user
# environment
USERNAME = user
# environment
GNOME_SETUP_DISPLAY = :1
# automatic
?F = $(notdir $?)
# environment
GTK_IM_MODULE_FILE = /home/user/snap/code/common/.cache/immodules/immodules.cache
# environment
XDG_CURRENT_DESKTOP = Unity
# automatic
+F = $(notdir $+)
# environment
LESS = -R
# environment
DESKTOP_SESSION = ubuntu
# environment
ORIGINAL_XDG_CURRENT_DESKTOP = ubuntu:GNOME
# environment
LOCPATH = /snap/code/129/usr/lib/locale
# 'override' directive
GNUMAKEFLAGS := 
# environment
LOGNAME = user
# environment
GIO_LAUNCHED_DESKTOP_FILE = /var/lib/snapd/desktop/applications/code_code.desktop
# environment
SNAP_ARCH = amd64
# makefile
.DEFAULT_GOAL := all
# environment
SYSTEMD_EXEC_PID = 1650
# environment
DISPLAY = :0
# environment
USER = user
# environment
GTK_MODULES = gail:atk-bridge
# default
MAKE_VERSION := 4.3
# environment
SNAP_DATA = /var/snap/code/129
# environment
SNAP_CONTEXT = W5xynm6t-Int3RaXf6LwOA4WOK8ydcwWBEc83CopKSsbiR4wobQw
# environment
MANAGERPID = 1502
# environment
DBUS_STARTER_BUS_TYPE = session
# environment
GIO_LAUNCHED_DESKTOP_FILE_PID = 19564
# environment
PAGER = less
# environment
_ = /snap/code/129/usr/share/code/code
# environment
XDG_RUNTIME_DIR = /run/user/1000
# environment
GDK_PIXBUF_MODULE_FILE = /home/user/snap/code/common/.cache/gdk-pixbuf-loaders.cache
# environment
GIO_MODULE_DIR = /home/user/snap/code/common/.cache/gio-modules
# environment
JOURNAL_STREAM = 8:23782
# environment
XDG_SESSION_CLASS = user
# environment
VSCODE_AMD_ENTRYPOINT = vs/workbench/api/node/extensionHostProcess
# environment
HOME = /home/user
# environment
QT_IM_MODULE = ibus
# environment
ELECTRON_RUN_AS_NODE = 1
# environment
VSCODE_IPC_HOOK = /run/user/1000/vscode-16068fa4-1.78-main.sock
# environment
GTK_EXE_PREFIX = /snap/code/129/usr
# environment
SNAP_NAME = code
# environment
GSETTINGS_SCHEMA_DIR = /home/user/snap/code/129/.local/share/glib-2.0/schemas
# default
.RECIPEPREFIX := 
# automatic
<F = $(notdir $<)
# environment
SNAP_VERSION = b3e4e68a
# default
SUFFIXES := 
# environment
VSCODE_CLI = 1
# environment
ELECTRON_NO_ATTACH_CONSOLE = 1
# environment
SNAP_COMMON = /var/snap/code/common
# default
.FEATURES := target-specific order-only second-expansion else-if shortest-stem undefine oneshell nocomment grouped-target extra-prereqs archives jobserver output-sync check-symlink load
# makefile (from 'Makefile', line 1)
CC = gcc
# environment
SNAP_USER_DATA = /home/user/snap/code/129
# environment
XDG_MENU_PREFIX = gnome-
# environment
GDMSESSION = ubuntu
# environment
SNAP_LIBRARY_PATH = /var/lib/snapd/lib/gl:/var/lib/snapd/lib/gl32:/var/lib/snapd/void
# variable set hash-table stats:
# Load=125/1024=12%, Rehash=0, Collisions=5/155=3%

# Pattern-specific Variable Values

# No pattern-specific variable values.

# Directories

# . (device 2051, inode 2127788): 17 files, no impossibilities.

# 17 files, no impossibilities in 1 directories.

# Implicit Rules

%.o: %.c
#  recipe to execute (from 'Makefile', line 18):
	$(CC)  -c $^ -o $@	

 
# 1 implicit rules, 0 (0.0%) terminal.
# Files

# Not a target:
stnc.h:
#  Implicit rule search has been done.
#  Last modified 2023-05-14 12:42:43.020779474
#  File has been updated.
#  Successfully updated.

# Not a target:
util.h:
#  Implicit rule search has been done.
#  Last modified 2023-05-14 12:42:43.004780255
#  File has been updated.
#  Successfully updated.

# Not a target:
Makefile:
#  Implicit rule search has been done.
#  Last modified 2023-05-14 11:28:31.589780486
#  File has been updated.
#  Successfully updated.

util.o: util.c util.h
#  Implicit rule search has not been done.
#  Last modified 2023-05-14 12:45:40.582146289
#  File has been updated.
#  Successfully updated.
#  recipe to execute (from 'Makefile', line 15):
	$(CC) -c util.c -o util.o	

clean:
#  Implicit rule search has not been done.
#  Modification time never checked.
#  File has not been updated.
#  recipe to execute (from 'Makefile', line 21):
	rm -f stnc test *.o *.txt

# Not a target:
util.c:
#  Implicit rule search has been done.
#  Last modified 2023-05-14 12:42:42.98078143
#  File has been updated.
#  Successfully updated.

stnc: stnc.o handlers.o util.o
#  Implicit rule search has not been done.
#  Last modified 2023-05-14 12:45:40.702143037
#  File has been updated.
#  Successfully updated.
#  recipe to execute (from 'Makefile', line 6):
	$(CC) stnc.o handlers.o util.o -o stnc

# Not a target:
stnc.c:
#  Implicit rule search has been done.
#  Last modified 2023-05-14 12:44:15.176856214
#  File has been updated.
#  Successfully updated.

stnc.o: stnc.c stnc.h
#  Implicit rule search has not been done.
#  Last modified 2023-05-14 12:45:40.470149325
#  File has been updated.
#  Successfully updated.
#  recipe to execute (from 'Makefile', line 9):
	$(CC) -c stnc.c -o stnc.o

# Not a target:
.DEFAULT:
#  Implicit rule search has not been done.
#  Modification time never checked.
#  File has not been updated.

all: stnc
#  Command line target.
#  Implicit rule search has been done.
#  File does not exist.
#  File has been updated.
#  Successfully updated.

handlers.o: handlers.c handlers.h
#  Implicit rule search has not been done.
#  Last modified 2023-05-14 12:45:40.53414759
#  File has been updated.
#  Successfully updated.
#  recipe to execute (from 'Makefile', line 12):
	$(CC) -c handlers.c -o handlers.o

# Not a target:
handlers.h:
#  Implicit rule search has been done.
#  Last modified 2023-05-14 12:09:40.86998385
#  File has been updated.
#  Successfully updated.

# Not a target:
handlers.c:
#  Implicit rule search has been done.
#  Last modified 2023-05-14 12:44:16.208818477
#  File has been updated.
#  Successfully updated.

# files hash-table stats:
# Load=15/1024=1%, Rehash=0, Collisions=0/40=0%
# VPATH Search Paths

# No 'vpath' search paths.

# No general ('VPATH' variable) search path.

# strcache buffers: 1 (0) / strings = 25 / storage = 192 B / avg = 7 B
# current buf: size = 8162 B / used = 192 B / count = 25 / avg = 7 B

# strcache performance: lookups = 50 / hit rate = 50%
# hash-table stats:
# Load=25/8192=0%, Rehash=0, Collisions=0/50=0%
# Finished Make data base on Sun May 14 12:46:40 2023

 
